Removed Pin From Net: NetName=NetCMB3_2 Pin=LM2-5
Removed Pin From Net: NetName=NetCMB3_1 Pin=LM2-6
Removed Pin From Net: NetName=NetD3_2 Pin=LM2-7
Removed Pin From Net: NetName=NetCMB3_2 Pin=LM3-1
Removed Pin From Net: NetName=NetCMB3_2 Pin=LM3-2
Removed Pin From Net: NetName=NetLM3_3 Pin=LM3-3
Removed Pin From Net: NetName=AGND Pin=LM3-4
Removed Pin From Net: NetName=AVCC+5V Pin=LM3-8
Removed Pin From Net: NetName=AGND Pin=RB4-3
Removed Pin From Net: NetName=VRES Pin=RB7-1
Removed Pin From Net: NetName=NetD3_2 Pin=RB7-2
Removed Pin From Net: NetName=AGND Pin=RB8-3
Removed Pin From Net: NetName=AGND Pin=RB12-3
Added Component: Designator=LM3(DIP8)
Added Component: Designator=RB11(RES)
Added Pin To Net: NetName=NetCMB2_2 Pin=LM2-5
Added Pin To Net: NetName=NetCMB2_1 Pin=LM2-6
Added Pin To Net: NetName=NetD2_2 Pin=LM2-7
Added Pin To Net: NetName=NetCMB3_2 Pin=LM3-1
Added Pin To Net: NetName=NetCMB3_2 Pin=LM3-2
Added Pin To Net: NetName=NetLM3_3 Pin=LM3-3
Added Pin To Net: NetName=AGND Pin=LM3-4
Added Pin To Net: NetName=NetCMB3_2 Pin=LM2-5
Added Pin To Net: NetName=NetCMB3_1 Pin=LM2-6
Added Pin To Net: NetName=NetD3_2 Pin=LM2-7
Added Pin To Net: NetName=AVCC+5V Pin=LM3-8
Added Pin To Net: NetName=NetCMB1_1 Pin=RB4-3
Added Pin To Net: NetName=IS Pin=RB7-1
Added Pin To Net: NetName=NetD2_2 Pin=RB7-2
Added Pin To Net: NetName=NetCMB2_1 Pin=RB8-3
Added Pin To Net: NetName=VRES Pin=RB7-1
Added Pin To Net: NetName=NetD3_2 Pin=RB7-2
Added Pin To Net: NetName=NetCMB3_1 Pin=RB12-3
Added Member To Class: ClassName=输出采样部分 Member=Component LM3 LM393
Added Member To Class: ClassName=输出采样部分 Member=Component RB11 100
Added Room: Name=输出采样部分
