Removed Pin From Net: NetName=ADAIN Pin=A1-13
Removed Pin From Net: NetName=+15V Pin=C3-1
Removed Pin From Net: NetName=AGND Pin=C3-2
Removed Pin From Net: NetName=AGND Pin=C4-1
Removed Pin From Net: NetName=+15V Pin=C4-2
Removed Pin From Net: NetName=AGND Pin=C5-1
Removed Pin From Net: NetName=-15V Pin=C5-2
Removed Pin From Net: NetName=-15V Pin=C6-1
Removed Pin From Net: NetName=AGND Pin=C6-2
Removed Pin From Net: NetName=NetCMB3_1 Pin=CMB3-1
Removed Pin From Net: NetName=NetCMB3_2 Pin=CMB3-2
Removed Pin From Net: NetName=AGND Pin=D3-1
Removed Pin From Net: NetName=NetD3_2 Pin=D3-2
Removed Pin From Net: NetName=NetJP1_1 Pin=JP1-1
Removed Pin From Net: NetName=NetJP1_2 Pin=JP1-2
Removed Pin From Net: NetName=AGND Pin=JP4-1
Removed Pin From Net: NetName=ADVOUT Pin=JP4-2
Removed Pin From Net: NetName=NetA1_6 Pin=JP5-1
Removed Pin From Net: NetName=NetA1_1 Pin=JP5-2
Removed Pin From Net: NetName=AGND Pin=JP8-1
Removed Pin From Net: NetName=ADAOUT Pin=JP8-2
Removed Pin From Net: NetName=-15V Pin=JP10-1
Removed Pin From Net: NetName=+15V Pin=JP10-3
Removed Pin From Net: NetName=NetCMB3_2 Pin=LM3-1
Removed Pin From Net: NetName=NetCMB3_2 Pin=LM3-2
Removed Pin From Net: NetName=NetLM3_3 Pin=LM3-3
Removed Pin From Net: NetName=AGND Pin=LM3-4
Removed Pin From Net: NetName=NetCMB3_2 Pin=LM3-5
Removed Pin From Net: NetName=NetCMB3_1 Pin=LM3-6
Removed Pin From Net: NetName=NetD3_2 Pin=LM3-7
Removed Pin From Net: NetName=AVCC+5V Pin=LM3-8
Removed Pin From Net: NetName=IS Pin=P2-1
Removed Pin From Net: NetName=IS Pin=P2-2
Removed Pin From Net: NetName=AGND Pin=P2-3
Removed Pin From Net: NetName=AGND Pin=P2-4
Removed Pin From Net: NetName=VRES Pin=P3-1
Removed Pin From Net: NetName=VRES Pin=P3-2
Removed Pin From Net: NetName=AGND Pin=P3-3
Removed Pin From Net: NetName=AGND Pin=P3-4
Removed Pin From Net: NetName=AGND Pin=P4-1
Removed Pin From Net: NetName=REFVIN Pin=P4-2
Removed Pin From Net: NetName=+15V Pin=P5-1
Removed Pin From Net: NetName=AGND Pin=P5-2
Removed Pin From Net: NetName=-15V Pin=P5-3
Removed Pin From Net: NetName=+15V Pin=P11-1
Removed Pin From Net: NetName=+15V Pin=P11-2
Removed Pin From Net: NetName=+15V Pin=P11-3
Removed Pin From Net: NetName=+15V Pin=P11-4
Removed Pin From Net: NetName=+15V Pin=P11-5
Removed Pin From Net: NetName=AGND Pin=P12-1
Removed Pin From Net: NetName=AGND Pin=P12-2
Removed Pin From Net: NetName=AGND Pin=P12-3
Removed Pin From Net: NetName=AGND Pin=P12-4
Removed Pin From Net: NetName=AGND Pin=P12-5
Removed Pin From Net: NetName=-15V Pin=P13-1
Removed Pin From Net: NetName=-15V Pin=P13-2
Removed Pin From Net: NetName=-15V Pin=P13-3
Removed Pin From Net: NetName=-15V Pin=P13-4
Removed Pin From Net: NetName=-15V Pin=P13-5
Removed Pin From Net: NetName=NetR6_1 Pin=R6-1
Removed Pin From Net: NetName=ADVOUT Pin=R6-2
Removed Pin From Net: NetName=ADVOUT Pin=R6-3
Removed Pin From Net: NetName=-15V Pin=R9-1
Removed Pin From Net: NetName=+15V Pin=R9-2
Removed Pin From Net: NetName=NetR9_3 Pin=R9-3
Removed Pin From Net: NetName=NetR9_3 Pin=R10-1
Removed Pin From Net: NetName=NetLM3_3 Pin=R13-1
Removed Pin From Net: NetName=REFVIN Pin=R13-2
Removed Pin From Net: NetName=NetD3_2 Pin=RA4-1
Removed Pin From Net: NetName=AVCC+5V Pin=RA4-2
Removed Pin From Net: NetName=AVCC+5V Pin=RB8-1
Removed Pin From Net: NetName=NetCMB3_1 Pin=RB8-2
Removed Pin From Net: NetName=NetCMB3_2 Pin=RB9-1
Removed Pin From Net: NetName=AVCC+5V Pin=RB9-2
Removed Pin From Net: NetName=VRES Pin=RB10-1
Removed Pin From Net: NetName=NetD3_2 Pin=RB10-2
Removed Pin From Net: NetName=AGND Pin=RB11-1
Removed Pin From Net: NetName=NetCMB3_1 Pin=RB11-2
Removed Pin From Net: NetName=NetCMB3_1 Pin=RB11-3
Removed Pin From Net: NetName=NetJP1_2 Pin=RM1-2
Removed Pin From Net: NetName=NetJP1_2 Pin=RM1-3
Removed Pin From Net: NetName=NetJP1_1 Pin=U1-2
Removed Pin From Net: NetName=NetR6_1 Pin=U2-6
Removed Pin From Net: NetName=VCC Pin=U4-1
Removed Pin From Net: NetName=VCC Pin=U4-1
Removed Pin From Net: NetName=GND Pin=U4-2
Removed Pin From Net: NetName=GND Pin=U4-2
Removed Pin From Net: NetName=+15V Pin=U4-3
Removed Pin From Net: NetName=AGND Pin=U4-4
Removed Pin From Net: NetName=AGND Pin=U4-4
Removed Pin From Net: NetName=-15V Pin=U4-5
Removed Member From Class: ClassName=输出采样部分 Member=CMB3
Removed Member From Class: ClassName=输出采样部分 Member=D3
Removed Member From Class: ClassName=输出采样部分 Member=LM3
Removed Member From Class: ClassName=输出采样部分 Member=P13
Removed Member From Class: ClassName=输出采样部分 Member=RA4
Removed Member From Class: ClassName=输出采样部分 Member=RB8
Removed Member From Class: ClassName=输出采样部分 Member=RB9
Removed Member From Class: ClassName=输出采样部分 Member=RB10
Removed Member From Class: ClassName=输出采样部分 Member=RB11
Change Component DesignItemId : Designator=U4 Old DesignItemId=+-15V电源 New DesignItemId=AD637
Change Component DesignItemId : Designator=C3 Old DesignItemId=Cap Pol2 New DesignItemId=Cap Pol1
Change Component DesignItemId : Designator=P2 Old DesignItemId=Header 2X2H New DesignItemId=Header 3
Change Component DesignItemId : Designator=P3 Old DesignItemId=Header 2X2H New DesignItemId=Header 3
Change Component DesignItemId : Designator=JP10 Old DesignItemId=Header 3 New DesignItemId=Header 2
Change Component DesignItemId : Designator=P12 Old DesignItemId=Header 5 New DesignItemId=Header 7
Change Component DesignItemId : Designator=P11 Old DesignItemId=Header 5 New DesignItemId=Header 7X2
Change Component DesignItemId : Designator=P4 Old DesignItemId=MHDR1X2 New DesignItemId=Header 3
Change Component DesignItemId : Designator=R6 Old DesignItemId=RPot2 New DesignItemId=Res2
Change Component DesignItemId : Designator=R9 Old DesignItemId=RPot2 New DesignItemId=Res2
Change Component Footprint: Designator=U4 Old Footprint=+-15v New Footprint=AD637转接板
Change Component Footprint: Designator=C3 Old Footprint=CAPR2.54-5.1x3.2 New Footprint=CAPR5-4X5
Change Component Footprint: Designator=JP8 Old Footprint=HDR1X2 New Footprint=tie-in
Change Component Footprint: Designator=JP10 Old Footprint=HDR1X3 New Footprint=HDR1X2
Change Component Footprint: Designator=P12 Old Footprint=HDR1X5 New Footprint=HDR1X7
Change Component Footprint: Designator=P11 Old Footprint=HDR1X5 New Footprint=HDR2X7
Change Component Footprint: Designator=P2 Old Footprint=HDR2X2H New Footprint=HDR1X3
Change Component Footprint: Designator=P3 Old Footprint=HDR2X2H New Footprint=HDR1X3
Change Component Footprint: Designator=P4 Old Footprint=tie-in New Footprint=HDR1X3
Change Component Footprint: Designator=R6 Old Footprint=滑阻 New Footprint=RES
Change Component Footprint: Designator=R9 Old Footprint=滑阻 New Footprint=RES
Change Component Comment : Designator=U4 Old Comment=+-15V电源 New Comment=AD637
Change Component Comment : Designator=JP4 Old Comment= New Comment=Header 2
Change Component Comment : Designator=JP8 Old Comment= New Comment=Header 2
Change Component Comment : Designator=R6 Old Comment= New Comment=Res2
Change Component Comment : Designator=C3 Old Comment=Cap Pol2 New Comment=47uF
Change Component Comment : Designator=P2 Old Comment=Header 2X2H New Comment=Header 3
Change Component Comment : Designator=P3 Old Comment=Header 2X2H New Comment=Header 3
Change Component Comment : Designator=JP10 Old Comment=Header 3 New Comment=Header 2
Change Component Comment : Designator=P12 Old Comment=Header 5 New Comment=Header 7
Change Component Comment : Designator=P11 Old Comment=Header 5 New Comment=Header 7X2
Change Component Comment : Designator=P4 Old Comment=REFVIN New Comment=Header 3
Change Component Comment : Designator=R9 Old Comment=RPot2 New Comment=Res2
Change Component Designator: OldDesignator=C4 NewDesignator=C5
Change Component Designator: OldDesignator=C5 NewDesignator=C6
Change Component Designator: OldDesignator=C6 NewDesignator=C7
Change Component Designator: OldDesignator=JP2 NewDesignator=JP3
Change Component Designator: OldDesignator=JP3 NewDesignator=JP5
Change Component Designator: OldDesignator=JP5 NewDesignator=JP7
Change Component Designator: OldDesignator=JP6 NewDesignator=JP9
Change Component Designator: OldDesignator=JP7 NewDesignator=JP11
Change Component Designator: OldDesignator=JP9 NewDesignator=JP14
Change Component Designator: OldDesignator=JP11 NewDesignator=JP18
Change Component Designator: OldDesignator=R7 NewDesignator=R8
Change Component Designator: OldDesignator=R8 NewDesignator=R10
Change Component Designator: OldDesignator=R10 NewDesignator=R12
Change Component Designator: OldDesignator=R11 NewDesignator=R13
Change Component Designator: OldDesignator=R12 NewDesignator=R14
Added Component: Designator=A2(csm025a)
Added Component: Designator=A3(csm025a)
Added Component: Designator=C4(CAPR2.54-5.1x3.2)
Added Component: Designator=C8(CAPR5-4X5)
Added Component: Designator=JP2(tie-in)
Added Component: Designator=JP6(HDR1X2)
Added Component: Designator=JP12(HDR1X2)
Added Component: Designator=JP13(HDR1X2)
Added Component: Designator=JP15(HDR1X2)
Added Component: Designator=JP16(HDR1X3)
Added Component: Designator=JP17(HDR1X2)
Added Component: Designator=JP19(HDR1X2)
Added Component: Designator=P5(HDR2X2H)
Added Component: Designator=P6(HDR1X3)
Added Component: Designator=P7(HDR1X7)
Added Component: Designator=P8(HDR2X7)
Added Component: Designator=P9(HDR2X7)
Added Component: Designator=P10(HDR1X7)
Added Component: Designator=R7(滑阻)
Added Component: Designator=R11(滑阻)
Added Component: Designator=R15(RES)
Added Component: Designator=R16(滑阻)
Added Component: Designator=R17(RES)
Added Component: Designator=R18(RES)
Added Component: Designator=R19(滑阻)
Added Component: Designator=R20(RES)
Added Component: Designator=R21(滑阻)
Added Component: Designator=R22(滑阻)
Added Component: Designator=U5(AD637转接板)
Added Component: Designator=UF1(LW010BK84)
Added Pin To Net: NetName=+15V Pin=A1-11
Added Pin To Net: NetName=-15V Pin=A1-12
Added Pin To Net: NetName=ADAIN Pin=A1-13
Added Pin To Net: NetName=+15V Pin=A3-11
Added Pin To Net: NetName=-15V Pin=A3-12
Added Pin To Net: NetName=NetA1_6 Pin=JP1-1
Added Pin To Net: NetName=NetA1_1 Pin=JP1-2
Added Pin To Net: NetName=AGND Pin=JP4-2
Added Pin To Net: NetName=AGND Pin=JP4-1
Added Pin To Net: NetName=ADVOUT Pin=JP4-2
Added Pin To Net: NetName=AGND Pin=JP8-1
Added Pin To Net: NetName=ADAOUT Pin=JP8-2
Added Pin To Net: NetName=AGND Pin=JP13-1
Added Pin To Net: NetName=AGND Pin=JP15-1
Added Pin To Net: NetName=AGND Pin=JP17-1
Added Pin To Net: NetName=AGND Pin=JP19-1
Added Pin To Net: NetName=+15V Pin=P2-1
Added Pin To Net: NetName=AGND Pin=P2-2
Added Pin To Net: NetName=-15V Pin=P2-3
Added Pin To Net: NetName=+15V Pin=P3-1
Added Pin To Net: NetName=AGND Pin=P3-2
Added Pin To Net: NetName=-15V Pin=P3-3
Added Pin To Net: NetName=+15V Pin=P4-1
Added Pin To Net: NetName=AGND Pin=P4-2
Added Pin To Net: NetName=-15V Pin=P4-3
Added Pin To Net: NetName=IS Pin=P2-1
Added Pin To Net: NetName=IS Pin=P2-2
Added Pin To Net: NetName=AGND Pin=P2-3
Added Pin To Net: NetName=+15V Pin=P6-1
Added Pin To Net: NetName=AGND Pin=P6-2
Added Pin To Net: NetName=-15V Pin=P6-3
Added Pin To Net: NetName=+15V Pin=P7-1
Added Pin To Net: NetName=+15V Pin=P7-2
Added Pin To Net: NetName=+15V Pin=P7-3
Added Pin To Net: NetName=+15V Pin=P7-4
Added Pin To Net: NetName=+15V Pin=P7-5
Added Pin To Net: NetName=+15V Pin=P7-6
Added Pin To Net: NetName=+15V Pin=P7-7
Added Pin To Net: NetName=+15V Pin=P8-2
Added Pin To Net: NetName=+15V Pin=P8-4
Added Pin To Net: NetName=+15V Pin=P8-6
Added Pin To Net: NetName=+15V Pin=P8-8
Added Pin To Net: NetName=+15V Pin=P8-10
Added Pin To Net: NetName=+15V Pin=P8-12
Added Pin To Net: NetName=+15V Pin=P8-14
Added Pin To Net: NetName=-15V Pin=P9-2
Added Pin To Net: NetName=-15V Pin=P9-4
Added Pin To Net: NetName=-15V Pin=P9-6
Added Pin To Net: NetName=-15V Pin=P9-8
Added Pin To Net: NetName=-15V Pin=P9-10
Added Pin To Net: NetName=-15V Pin=P9-12
Added Pin To Net: NetName=-15V Pin=P9-14
Added Pin To Net: NetName=AGND Pin=P10-1
Added Pin To Net: NetName=AGND Pin=P10-2
Added Pin To Net: NetName=AGND Pin=P10-3
Added Pin To Net: NetName=AGND Pin=P10-4
Added Pin To Net: NetName=AGND Pin=P10-5
Added Pin To Net: NetName=AGND Pin=P10-6
Added Pin To Net: NetName=AGND Pin=P10-7
Added Pin To Net: NetName=AGND Pin=P11-2
Added Pin To Net: NetName=AGND Pin=P11-4
Added Pin To Net: NetName=AGND Pin=P11-6
Added Pin To Net: NetName=AGND Pin=P11-8
Added Pin To Net: NetName=AGND Pin=P11-10
Added Pin To Net: NetName=AGND Pin=P11-12
Added Pin To Net: NetName=AGND Pin=P11-14
Added Pin To Net: NetName=-15V Pin=P12-1
Added Pin To Net: NetName=-15V Pin=P12-2
Added Pin To Net: NetName=-15V Pin=P12-3
Added Pin To Net: NetName=-15V Pin=P12-4
Added Pin To Net: NetName=-15V Pin=P12-5
Added Pin To Net: NetName=-15V Pin=P12-6
Added Pin To Net: NetName=-15V Pin=P12-7
Added Pin To Net: NetName=AGND Pin=R6-1
Added Pin To Net: NetName=VRES Pin=R6-1
Added Pin To Net: NetName=ADVOUT Pin=R6-2
Added Pin To Net: NetName=AGND Pin=R9-1
Added Pin To Net: NetName=-15V Pin=R9-1
Added Pin To Net: NetName=+15V Pin=R9-2
Added Pin To Net: NetName=REFVIN Pin=R12-1
Added Pin To Net: NetName=NetR9_3 Pin=R15-1
Added Pin To Net: NetName=-15V Pin=R16-1
Added Pin To Net: NetName=+15V Pin=R16-2
Added Pin To Net: NetName=NetR6_1 Pin=R16-3
Added Pin To Net: NetName=NetR6_1 Pin=R17-1
Added Pin To Net: NetName=NetLM3_3 Pin=R17-2
Added Pin To Net: NetName=NetJP1_2 Pin=R18-1
Added Pin To Net: NetName=-15V Pin=R19-1
Added Pin To Net: NetName=+15V Pin=R19-2
Added Pin To Net: NetName=NetJP1_1 Pin=R19-3
Added Pin To Net: NetName=NetJP1_1 Pin=R20-1
Added Pin To Net: NetName=NetD3_2 Pin=R20-2
Added Pin To Net: NetName=NetCMB3_2 Pin=R21-1
Added Pin To Net: NetName=NetCMB3_1 Pin=R22-1
Added Pin To Net: NetName=VRES Pin=U2-6
Added Pin To Net: NetName=AGND Pin=U4-1
Added Pin To Net: NetName=AGND Pin=U4-3
Added Pin To Net: NetName=NetLM3_3 Pin=U4-4
Added Pin To Net: NetName=NetCMB3_2 Pin=U4-6
Added Pin To Net: NetName=-15V Pin=U4-12
Added Pin To Net: NetName=+15V Pin=U4-13
Added Pin To Net: NetName=NetR9_3 Pin=U4-15
Added Pin To Net: NetName=AGND Pin=U5-1
Added Pin To Net: NetName=AGND Pin=U5-3
Added Pin To Net: NetName=NetD3_2 Pin=U5-4
Added Pin To Net: NetName=NetCMB3_1 Pin=U5-6
Added Pin To Net: NetName=-15V Pin=U5-12
Added Pin To Net: NetName=+15V Pin=U5-13
Added Pin To Net: NetName=NetJP1_2 Pin=U5-15
Added Pin To Net: NetName=GND Pin=UF1-1
Added Pin To Net: NetName=VCC Pin=UF1-2
Change Net Name : Old Net Name=NetCMB3_1 New Net Name=NetR22_1
Change Net Name : Old Net Name=NetCMB3_2 New Net Name=NetR21_1
Change Net Name : Old Net Name=NetD3_2 New Net Name=NetR20_2
Change Net Name : Old Net Name=NetJP1_1 New Net Name=NetR19_3
Change Net Name : Old Net Name=NetJP1_2 New Net Name=NetR18_1
Change Net Name : Old Net Name=NetLM3_3 New Net Name=NetR17_2
Change Net Name : Old Net Name=NetR6_1 New Net Name=NetR16_3
Change Net Name : Old Net Name=NetR8_1 New Net Name=NetR10_1
Change Net Name : Old Net Name=NetR9_3 New Net Name=NetR15_1
Change Net Name : Old Net Name=NetR10_2 New Net Name=NetR12_2
Change Net Name : Old Net Name=NetR12_1 New Net Name=NetR14_1
Change Net Name : Old Net Name=REFVIN New Net Name=NetR11_3
Change Net Name : Old Net Name=VRES New Net Name=NetR7_1
Added Pin To Net: NetName=+15V-OUT Pin=C3-1
Added Pin To Net: NetName=+15V-OUT Pin=C5-2
Added Pin To Net: NetName=+15V-OUT Pin=P8-1
Added Pin To Net: NetName=+15V-OUT Pin=P8-3
Added Pin To Net: NetName=+15V-OUT Pin=P8-5
Added Pin To Net: NetName=+15V-OUT Pin=P8-7
Added Pin To Net: NetName=+15V-OUT Pin=P8-9
Added Pin To Net: NetName=+15V-OUT Pin=P8-11
Added Pin To Net: NetName=+15V-OUT Pin=P8-13
Added Pin To Net: NetName=+15V-OUT Pin=UF1-5
Added Net: Name=+15V-OUT
Added Pin To Net: NetName=-15V-OUT Pin=C6-2
Added Pin To Net: NetName=-15V-OUT Pin=C7-1
Added Pin To Net: NetName=-15V-OUT Pin=JP10-1
Added Pin To Net: NetName=-15V-OUT Pin=P9-1
Added Pin To Net: NetName=-15V-OUT Pin=P9-3
Added Pin To Net: NetName=-15V-OUT Pin=P9-5
Added Pin To Net: NetName=-15V-OUT Pin=P9-7
Added Pin To Net: NetName=-15V-OUT Pin=P9-9
Added Pin To Net: NetName=-15V-OUT Pin=P9-11
Added Pin To Net: NetName=-15V-OUT Pin=P9-13
Added Pin To Net: NetName=-15V-OUT Pin=UF1-3
Added Net: Name=-15V-OUT
Added Pin To Net: NetName=ADAIN2 Pin=A1-13
Added Pin To Net: NetName=ADAIN2 Pin=JP4-1
Added Pin To Net: NetName=ADAIN2 Pin=R6-2
Added Pin To Net: NetName=ADAIN2 Pin=R15-2
Added Net: Name=ADAIN2
Added Pin To Net: NetName=ADAIN3 Pin=A3-13
Added Pin To Net: NetName=ADAIN3 Pin=JP10-1
Added Pin To Net: NetName=ADAIN3 Pin=R9-2
Added Pin To Net: NetName=ADAIN3 Pin=R18-2
Added Net: Name=ADAIN3
Added Pin To Net: NetName=ADAOUT2 Pin=C3-1
Added Pin To Net: NetName=ADAOUT2 Pin=JP13-2
Added Pin To Net: NetName=ADAOUT2 Pin=JP15-2
Added Pin To Net: NetName=ADAOUT2 Pin=R21-2
Added Pin To Net: NetName=ADAOUT2 Pin=R21-3
Added Pin To Net: NetName=ADAOUT2 Pin=U4-11
Added Net: Name=ADAOUT2
Added Pin To Net: NetName=ADAOUT3 Pin=C8-1
Added Pin To Net: NetName=ADAOUT3 Pin=JP17-2
Added Pin To Net: NetName=ADAOUT3 Pin=JP19-2
Added Pin To Net: NetName=ADAOUT3 Pin=R22-2
Added Pin To Net: NetName=ADAOUT3 Pin=R22-3
Added Pin To Net: NetName=ADAOUT3 Pin=U5-11
Added Net: Name=ADAOUT3
Added Pin To Net: NetName=AGND-OUT Pin=C3-2
Added Pin To Net: NetName=AGND-OUT Pin=C5-1
Added Pin To Net: NetName=AGND-OUT Pin=C6-1
Added Pin To Net: NetName=AGND-OUT Pin=C7-2
Added Pin To Net: NetName=AGND-OUT Pin=JP10-2
Added Pin To Net: NetName=AGND-OUT Pin=P11-1
Added Pin To Net: NetName=AGND-OUT Pin=P11-3
Added Pin To Net: NetName=AGND-OUT Pin=P11-5
Added Pin To Net: NetName=AGND-OUT Pin=P11-7
Added Pin To Net: NetName=AGND-OUT Pin=P11-9
Added Pin To Net: NetName=AGND-OUT Pin=P11-11
Added Pin To Net: NetName=AGND-OUT Pin=P11-13
Added Pin To Net: NetName=AGND-OUT Pin=UF1-4
Added Net: Name=AGND-OUT
Added Pin To Net: NetName=NetA2_1 Pin=A1-1
Added Pin To Net: NetName=NetA2_1 Pin=JP7-2
Added Net: Name=NetA2_1
Added Pin To Net: NetName=NetA2_2 Pin=A1-2
Added Pin To Net: NetName=NetA2_2 Pin=A1-10
Added Net: Name=NetA2_2
Added Pin To Net: NetName=NetA2_3 Pin=A1-3
Added Pin To Net: NetName=NetA2_3 Pin=A1-9
Added Net: Name=NetA2_3
Added Pin To Net: NetName=NetA2_4 Pin=A1-4
Added Pin To Net: NetName=NetA2_4 Pin=A1-8
Added Net: Name=NetA2_4
Added Pin To Net: NetName=NetA2_5 Pin=A1-5
Added Pin To Net: NetName=NetA2_5 Pin=A1-7
Added Net: Name=NetA2_5
Added Pin To Net: NetName=NetA2_6 Pin=A1-6
Added Pin To Net: NetName=NetA2_6 Pin=JP7-1
Added Net: Name=NetA2_6
Added Pin To Net: NetName=NetA3_1 Pin=A3-1
Added Pin To Net: NetName=NetA3_1 Pin=JP8-2
Added Net: Name=NetA3_1
Added Pin To Net: NetName=NetA3_2 Pin=A3-2
Added Pin To Net: NetName=NetA3_2 Pin=A3-10
Added Net: Name=NetA3_2
Added Pin To Net: NetName=NetA3_3 Pin=A3-3
Added Pin To Net: NetName=NetA3_3 Pin=A3-9
Added Net: Name=NetA3_3
Added Pin To Net: NetName=NetA3_4 Pin=A3-4
Added Pin To Net: NetName=NetA3_4 Pin=A3-8
Added Net: Name=NetA3_4
Added Pin To Net: NetName=NetA3_5 Pin=A3-5
Added Pin To Net: NetName=NetA3_5 Pin=A3-7
Added Net: Name=NetA3_5
Added Pin To Net: NetName=NetA3_6 Pin=A3-6
Added Pin To Net: NetName=NetA3_6 Pin=JP8-1
Added Net: Name=NetA3_6
Added Pin To Net: NetName=NetC3_2 Pin=C3-2
Added Pin To Net: NetName=NetC3_2 Pin=U4-10
Added Net: Name=NetC3_2
Added Pin To Net: NetName=NetC8_2 Pin=C8-2
Added Pin To Net: NetName=NetC8_2 Pin=U5-10
Added Net: Name=NetC8_2
Added Pin To Net: NetName=NetJP2_1 Pin=JP1-1
Added Pin To Net: NetName=NetJP2_1 Pin=U1-2
Added Net: Name=NetJP2_1
Added Pin To Net: NetName=NetJP2_2 Pin=JP1-2
Added Pin To Net: NetName=NetJP2_2 Pin=RM1-2
Added Pin To Net: NetName=NetJP2_2 Pin=RM1-3
Added Net: Name=NetJP2_2
Added Member To Class: ClassName=输出采样部分 Member=Component A2 CSM025A
Added Member To Class: ClassName=输出采样部分 Member=Component A3 CSM025A
Added Member To Class: ClassName=输出采样部分 Member=Component C7 Cap
Added Member To Class: ClassName=输出采样部分 Member=Component C8 47uF
Added Member To Class: ClassName=输出采样部分 Member=Component JP12 
Added Member To Class: ClassName=输出采样部分 Member=Component JP13 Header 2
Added Member To Class: ClassName=输出采样部分 Member=Component JP14 
Added Member To Class: ClassName=输出采样部分 Member=Component JP15 
Added Member To Class: ClassName=输出采样部分 Member=Component JP16 Header 3
Added Member To Class: ClassName=输出采样部分 Member=Component JP17 Header 2
Added Member To Class: ClassName=输出采样部分 Member=Component JP18 
Added Member To Class: ClassName=输出采样部分 Member=Component JP19 
Added Member To Class: ClassName=输出采样部分 Member=Component P6 Header 3
Added Member To Class: ClassName=输出采样部分 Member=Component P7 Header 7
Added Member To Class: ClassName=输出采样部分 Member=Component P8 Header 7X2
Added Member To Class: ClassName=输出采样部分 Member=Component P9 Header 7X2
Added Member To Class: ClassName=输出采样部分 Member=Component P10 Header 7
Added Member To Class: ClassName=输出采样部分 Member=Component R14 
Added Member To Class: ClassName=输出采样部分 Member=Component R15 147
Added Member To Class: ClassName=输出采样部分 Member=Component R16 RPot2
Added Member To Class: ClassName=输出采样部分 Member=Component R17 1M
Added Member To Class: ClassName=输出采样部分 Member=Component R18 147
Added Member To Class: ClassName=输出采样部分 Member=Component R19 RPot2
Added Member To Class: ClassName=输出采样部分 Member=Component R20 1M
Added Member To Class: ClassName=输出采样部分 Member=Component R21 
Added Member To Class: ClassName=输出采样部分 Member=Component R22 
Added Member To Class: ClassName=输出采样部分 Member=Component U5 AD637
Added Member To Class: ClassName=输出采样部分 Member=Component UF1 LW010BK84
Added Room: Name=输出采样部分
