Removed Pin From Net: NetName=+15V-OUT Pin=C3-1
Removed Pin From Net: NetName=AGND-OUT Pin=C3-2
Removed Pin From Net: NetName=NetJP2_1 Pin=JP1-1
Removed Pin From Net: NetName=NetJP2_2 Pin=JP1-2
Removed Pin From Net: NetName=AGND Pin=JP4-1
Removed Pin From Net: NetName=ADVOUT Pin=JP4-2
Removed Pin From Net: NetName=NetA2_6 Pin=JP7-1
Removed Pin From Net: NetName=NetA2_1 Pin=JP7-2
Removed Pin From Net: NetName=-15V-OUT Pin=JP10-1
Removed Pin From Net: NetName=AGND-OUT Pin=JP10-2
Removed Pin From Net: NetName=IS Pin=P2-1
Removed Pin From Net: NetName=IS Pin=P2-2
Removed Pin From Net: NetName=AGND Pin=P2-3
Removed Pin From Net: NetName=NetR7_1 Pin=R6-1
Removed Pin From Net: NetName=ADVOUT Pin=R6-2
Added Component: Designator=A1(csm025a)
Added Component: Designator=A2(csm025a)
Added Component: Designator=C4(CAPR2.54-5.1x3.2)
Added Component: Designator=C8(CAPR5-4X5)
Added Component: Designator=JP2(tie-in)
Added Component: Designator=JP6(HDR1X2)
Added Component: Designator=JP8(tie-in)
Added Component: Designator=JP12(HDR1X2)
Added Component: Designator=JP15(HDR1X2)
Added Component: Designator=JP16(HDR1X3)
Added Component: Designator=JP17(HDR1X2)
Added Component: Designator=JP19(HDR1X2)
Added Component: Designator=P5(HDR2X2H)
Added Component: Designator=R7(滑阻)
Added Component: Designator=R9(RES)
Added Component: Designator=R11(滑阻)
Added Component: Designator=R21(滑阻)
Added Component: Designator=R22(滑阻)
Added Pin To Net: NetName=NetA1_1 Pin=A1-1
Added Pin To Net: NetName=NetA1_2 Pin=A1-2
Added Pin To Net: NetName=NetA1_3 Pin=A1-3
Added Pin To Net: NetName=NetA1_4 Pin=A1-4
Added Pin To Net: NetName=NetA1_5 Pin=A1-5
Added Pin To Net: NetName=NetA1_6 Pin=A1-6
Added Pin To Net: NetName=NetA1_5 Pin=A1-7
Added Pin To Net: NetName=NetA1_4 Pin=A1-8
Added Pin To Net: NetName=NetA1_3 Pin=A1-9
Added Pin To Net: NetName=NetA1_2 Pin=A1-10
Added Pin To Net: NetName=+15V Pin=A1-11
Added Pin To Net: NetName=-15V Pin=A1-12
Added Pin To Net: NetName=ADAIN1 Pin=A1-13
Added Pin To Net: NetName=NetA2_1 Pin=A2-1
Added Pin To Net: NetName=NetA2_2 Pin=A2-2
Added Pin To Net: NetName=NetA2_3 Pin=A2-3
Added Pin To Net: NetName=NetA2_4 Pin=A2-4
Added Pin To Net: NetName=NetA2_5 Pin=A2-5
Added Pin To Net: NetName=NetA2_6 Pin=A2-6
Added Pin To Net: NetName=NetA2_5 Pin=A2-7
Added Pin To Net: NetName=NetA2_4 Pin=A2-8
Added Pin To Net: NetName=NetA2_3 Pin=A2-9
Added Pin To Net: NetName=NetA2_2 Pin=A2-10
Added Pin To Net: NetName=+15V Pin=A2-11
Added Pin To Net: NetName=-15V Pin=A2-12
Added Pin To Net: NetName=ADAIN2 Pin=A2-13
Added Pin To Net: NetName=ADAOUT2 Pin=C3-1
Added Pin To Net: NetName=NetC3_2 Pin=C3-2
Added Pin To Net: NetName=+15V-OUT Pin=C3-1
Added Pin To Net: NetName=AGND-OUT Pin=C3-2
Added Pin To Net: NetName=ADAOUT3 Pin=C8-1
Added Pin To Net: NetName=NetC8_2 Pin=C8-2
Added Pin To Net: NetName=NetA2_6 Pin=JP1-1
Added Pin To Net: NetName=NetA2_1 Pin=JP1-2
Added Pin To Net: NetName=NetJP2_1 Pin=JP1-1
Added Pin To Net: NetName=NetJP2_2 Pin=JP1-2
Added Pin To Net: NetName=ADAIN2 Pin=JP4-1
Added Pin To Net: NetName=AGND Pin=JP4-2
Added Pin To Net: NetName=AGND Pin=JP4-1
Added Pin To Net: NetName=ADVOUT Pin=JP4-2
Added Pin To Net: NetName=NetA1_6 Pin=JP7-1
Added Pin To Net: NetName=NetA1_1 Pin=JP7-2
Added Pin To Net: NetName=NetA3_6 Pin=JP8-1
Added Pin To Net: NetName=NetA3_1 Pin=JP8-2
Added Pin To Net: NetName=ADAIN3 Pin=JP10-1
Added Pin To Net: NetName=AGND Pin=JP10-2
Added Pin To Net: NetName=AGND Pin=JP12-1
Added Pin To Net: NetName=ADAOUT Pin=JP12-2
Added Pin To Net: NetName=AGND Pin=JP15-1
Added Pin To Net: NetName=ADAOUT2 Pin=JP15-2
Added Pin To Net: NetName=-15V-OUT Pin=JP10-1
Added Pin To Net: NetName=AGND-OUT Pin=JP10-2
Added Pin To Net: NetName=AGND Pin=JP17-1
Added Pin To Net: NetName=ADAOUT3 Pin=JP17-2
Added Pin To Net: NetName=AGND Pin=JP19-1
Added Pin To Net: NetName=ADAOUT3 Pin=JP19-2
Added Pin To Net: NetName=+15V Pin=P2-1
Added Pin To Net: NetName=AGND Pin=P2-2
Added Pin To Net: NetName=-15V Pin=P2-3
Added Pin To Net: NetName=IS Pin=P2-1
Added Pin To Net: NetName=IS Pin=P2-2
Added Pin To Net: NetName=AGND Pin=P2-3
Added Pin To Net: NetName=AGND Pin=R6-1
Added Pin To Net: NetName=ADAIN2 Pin=R6-2
Added Pin To Net: NetName=NetR7_1 Pin=R6-1
Added Pin To Net: NetName=ADVOUT Pin=R6-2
Added Pin To Net: NetName=AGND Pin=R9-1
Added Pin To Net: NetName=ADAIN3 Pin=R9-2
Added Pin To Net: NetName=-15V Pin=R11-1
Added Pin To Net: NetName=+15V Pin=R11-2
Added Pin To Net: NetName=NetR11_3 Pin=R11-3
Added Pin To Net: NetName=NetR21_1 Pin=R21-1
Added Pin To Net: NetName=ADAOUT2 Pin=R21-2
Added Pin To Net: NetName=ADAOUT2 Pin=R21-3
Added Pin To Net: NetName=NetR22_1 Pin=R22-1
Added Pin To Net: NetName=ADAOUT3 Pin=R22-2
Added Pin To Net: NetName=ADAOUT3 Pin=R22-3
Added Member To Class: ClassName=输出采样部分 Member=Component A1 CSM025A
Added Member To Class: ClassName=输出采样部分 Member=Component A2 CSM025A
Added Member To Class: ClassName=输出采样部分 Member=Component C4 Cap Pol2
Added Member To Class: ClassName=输出采样部分 Member=Component C8 47uF
Added Member To Class: ClassName=输出采样部分 Member=Component JP2 Header 2
Added Member To Class: ClassName=输出采样部分 Member=Component JP6 
Added Member To Class: ClassName=输出采样部分 Member=Component JP8 Header 2
Added Member To Class: ClassName=输出采样部分 Member=Component JP12 
Added Member To Class: ClassName=输出采样部分 Member=Component JP15 
Added Member To Class: ClassName=输出采样部分 Member=Component JP16 Header 3
Added Member To Class: ClassName=输出采样部分 Member=Component JP17 Header 2
Added Member To Class: ClassName=输出采样部分 Member=Component JP19 
Added Member To Class: ClassName=输出采样部分 Member=Component P5 Header 2X2H
Added Member To Class: ClassName=输出采样部分 Member=Component R7 
Added Member To Class: ClassName=输出采样部分 Member=Component R9 Res2
Added Member To Class: ClassName=输出采样部分 Member=Component R11 RPot2
Added Member To Class: ClassName=输出采样部分 Member=Component R21 
Added Member To Class: ClassName=输出采样部分 Member=Component R22 
Added Room: Name=输出采样部分
