Removed Pin From Net: NetName=+15V-OUT Pin=C3-1
Removed Pin From Net: NetName=AGND-OUT Pin=C3-2
Removed Pin From Net: NetName=AGND Pin=JP4-1
Removed Pin From Net: NetName=ADVOUT Pin=JP4-2
Removed Pin From Net: NetName=-15V-OUT Pin=JP10-1
Removed Pin From Net: NetName=AGND-OUT Pin=JP10-2
Removed Pin From Net: NetName=NetR7_1 Pin=R6-1
Removed Pin From Net: NetName=ADVOUT Pin=R6-2
Added Component: Designator=C4(CAPR2.54-5.1x3.2)
Added Component: Designator=JP6(HDR1X2)
Added Component: Designator=JP16(HDR1X3)
Added Component: Designator=R77(滑阻)
Added Pin To Net: NetName=ADAOUT2 Pin=C3-1
Added Pin To Net: NetName=NetC3_2 Pin=C3-2
Added Pin To Net: NetName=+15V-OUT Pin=C3-1
Added Pin To Net: NetName=AGND-OUT Pin=C3-2
Added Pin To Net: NetName=ADAIN2 Pin=JP4-1
Added Pin To Net: NetName=AGND Pin=JP4-2
Added Pin To Net: NetName=AGND Pin=JP4-1
Added Pin To Net: NetName=ADVOUT Pin=JP4-2
Added Pin To Net: NetName=ADAIN3 Pin=JP10-1
Added Pin To Net: NetName=AGND Pin=JP10-2
Added Pin To Net: NetName=-15V-OUT Pin=JP10-1
Added Pin To Net: NetName=AGND-OUT Pin=JP10-2
Added Pin To Net: NetName=AGND Pin=R6-1
Added Pin To Net: NetName=ADAIN2 Pin=R6-2
Added Pin To Net: NetName=NetR7_1 Pin=R6-1
Added Pin To Net: NetName=ADVOUT Pin=R6-2
Change Net Name : Old Net Name=NetR7_1 New Net Name=NetR77_1
Added Member To Class: ClassName=输出采样部分 Member=Component C4 Cap Pol2
Added Member To Class: ClassName=输出采样部分 Member=Component JP6 
Added Member To Class: ClassName=输出采样部分 Member=Component JP16 Header 3
Added Member To Class: ClassName=输出采样部分 Member=Component R77 
Added Room: Name=输出采样部分
