Removed Pin From Net: NetName=+15V-OUT Pin=C3-1
Removed Pin From Net: NetName=AGND-OUT Pin=C3-2
Removed Pin From Net: NetName=AGND Pin=JP4-1
Removed Pin From Net: NetName=ADVOUT Pin=JP4-2
Change Component DesignItemId : Designator=JP10 Old DesignItemId=Header 2 New DesignItemId=Header 3
Change Component Footprint: Designator=JP10 Old Footprint=HDR1X2 New Footprint=HDR1X3
Change Component Comment : Designator=JP10 Old Comment=Header 2 New Comment=Header 3
Change Component Designator: OldDesignator=JP10 NewDesignator=JP16
Added Component: Designator=C4(CAPR2.54-5.1x3.2)
Added Component: Designator=JP6(HDR1X2)
Added Component: Designator=PA2(HDR1X2)
Added Component: Designator=PA3(HDR1X2)
Added Pin To Net: NetName=ADAOUT2 Pin=C3-1
Added Pin To Net: NetName=NetC3_2 Pin=C3-2
Added Pin To Net: NetName=+15V-OUT Pin=C3-1
Added Pin To Net: NetName=AGND-OUT Pin=C3-2
Added Pin To Net: NetName=AGND Pin=JP4-1
Added Pin To Net: NetName=ADVOUT Pin=JP4-2
Added Pin To Net: NetName=+15V-OUT Pin=JP16-3
Added Pin To Net: NetName=ADAIN2 Pin=PA2-1
Added Pin To Net: NetName=AGND Pin=PA2-2
Added Pin To Net: NetName=ADAIN3 Pin=PA3-1
Added Pin To Net: NetName=AGND Pin=PA3-2
Added Member To Class: ClassName=输出采样部分 Member=Component C4 Cap Pol2
Added Member To Class: ClassName=输出采样部分 Member=Component JP6 
Added Member To Class: ClassName=输出采样部分 Member=Component PA2 Header 2
Added Member To Class: ClassName=输出采样部分 Member=Component PA3 Header 2
Added Room: Name=输出采样部分
