Added Component: Designator=U2(AD637转接板)
Added Component: Designator=U3(AD637转接板)
Added Pin To Net: NetName=AGND Pin=U2-1
Added Pin To Net: NetName=AGND Pin=U2-3
Added Pin To Net: NetName=NetR6_2 Pin=U2-4
Added Pin To Net: NetName=NetR9_1 Pin=U2-6
Added Pin To Net: NetName=NetC3_2 Pin=U2-10
Added Pin To Net: NetName=ADVOUT Pin=U2-11
Added Pin To Net: NetName=-15V Pin=U2-12
Added Pin To Net: NetName=+15V Pin=U2-13
Added Pin To Net: NetName=NetR2_1 Pin=U2-15
Added Pin To Net: NetName=AGND Pin=U3-1
Added Pin To Net: NetName=AGND Pin=U3-3
Added Pin To Net: NetName=NetR7_2 Pin=U3-4
Added Pin To Net: NetName=NetR10_1 Pin=U3-6
Added Pin To Net: NetName=NetC4_2 Pin=U3-10
Added Pin To Net: NetName=ADVAUT Pin=U3-11
Added Pin To Net: NetName=-15V Pin=U3-12
Added Pin To Net: NetName=+15V Pin=U3-13
Added Pin To Net: NetName=NetR3_1 Pin=U3-15
Added Member To Class: ClassName=输出采样部分 Member=Component U2 AD637
Added Member To Class: ClassName=输出采样部分 Member=Component U3 AD637
