Removed Pin From Net: NetName=+15V-OUT Pin=C3-1
Removed Pin From Net: NetName=AGND-OUT Pin=C3-2
Removed Pin From Net: NetName=AGND Pin=JP4-1
Removed Pin From Net: NetName=ADVOUT Pin=JP4-2
Removed Pin From Net: NetName=-15V-OUT Pin=JP10-1
Removed Pin From Net: NetName=AGND-OUT Pin=JP10-2
Removed Pin From Net: NetName=IS Pin=P2-1
Removed Pin From Net: NetName=IS Pin=P2-2
Removed Pin From Net: NetName=AGND Pin=P2-3
Removed Pin From Net: NetName=NetR7_1 Pin=R6-1
Removed Pin From Net: NetName=ADVOUT Pin=R6-2
Added Component: Designator=C4(CAPR2.54-5.1x3.2)
Added Component: Designator=JP6(HDR1X2)
Added Component: Designator=JP16(HDR1X3)
Added Component: Designator=P5(HDR2X2H)
Added Component: Designator=R7(滑阻)
Added Pin To Net: NetName=ADAOUT2 Pin=C3-1
Added Pin To Net: NetName=NetC3_2 Pin=C3-2
Added Pin To Net: NetName=+15V-OUT Pin=C3-1
Added Pin To Net: NetName=AGND-OUT Pin=C3-2
Added Pin To Net: NetName=NetA1_6 Pin=JP2-1
Added Pin To Net: NetName=NetA1_1 Pin=JP2-2
Added Pin To Net: NetName=ADAIN2 Pin=JP4-1
Added Pin To Net: NetName=AGND Pin=JP4-2
Added Pin To Net: NetName=AGND Pin=JP4-1
Added Pin To Net: NetName=ADVOUT Pin=JP4-2
Added Pin To Net: NetName=ADAIN3 Pin=JP10-1
Added Pin To Net: NetName=AGND Pin=JP10-2
Added Pin To Net: NetName=-15V-OUT Pin=JP10-1
Added Pin To Net: NetName=AGND-OUT Pin=JP10-2
Added Pin To Net: NetName=+15V Pin=P2-1
Added Pin To Net: NetName=AGND Pin=P2-2
Added Pin To Net: NetName=-15V Pin=P2-3
Added Pin To Net: NetName=IS Pin=P2-1
Added Pin To Net: NetName=IS Pin=P2-2
Added Pin To Net: NetName=AGND Pin=P2-3
Added Pin To Net: NetName=AGND Pin=R6-1
Added Pin To Net: NetName=ADAIN2 Pin=R6-2
Added Pin To Net: NetName=NetR7_1 Pin=R6-1
Added Pin To Net: NetName=ADVOUT Pin=R6-2
Change Net Name : Old Net Name=NetJP2_1 New Net Name=NetJP1_1
Change Net Name : Old Net Name=NetJP2_2 New Net Name=NetJP1_2
Added Member To Class: ClassName=输出采样部分 Member=Component A2 CSM025A
Added Member To Class: ClassName=输出采样部分 Member=Component C4 Cap Pol2
Added Member To Class: ClassName=输出采样部分 Member=Component JP2 Header 2
Added Member To Class: ClassName=输出采样部分 Member=Component JP6 
Added Member To Class: ClassName=输出采样部分 Member=Component JP16 Header 3
Added Member To Class: ClassName=输出采样部分 Member=Component P5 Header 2X2H
Added Member To Class: ClassName=输出采样部分 Member=Component P9 Header 7X2
Added Member To Class: ClassName=输出采样部分 Member=Component R7 
