Removed Pin From Net: NetName=NetCMB1_2 Pin=LM1-1
Removed Pin From Net: NetName=NetCMB1_2 Pin=LM1-2
Removed Pin From Net: NetName=AGND Pin=LM1-4
Removed Pin From Net: NetName=NetCMB1_2 Pin=LM1-5
Removed Pin From Net: NetName=NetCMB1_1 Pin=LM1-6
Removed Pin From Net: NetName=NetD1_2 Pin=LM1-7
Removed Pin From Net: NetName=AVCC+5V Pin=LM1-8
Removed Pin From Net: NetName=NetCMB2_2 Pin=LM2-1
Removed Pin From Net: NetName=NetCMB2_2 Pin=LM2-2
Removed Pin From Net: NetName=AGND Pin=LM2-4
Removed Pin From Net: NetName=NetCMB2_2 Pin=LM2-5
Removed Pin From Net: NetName=NetCMB2_1 Pin=LM2-6
Removed Pin From Net: NetName=NetD2_2 Pin=LM2-7
Removed Pin From Net: NetName=AVCC+5V Pin=LM2-8
Removed Pin From Net: NetName=NetCMB3_2 Pin=LM3-1
Removed Pin From Net: NetName=NetCMB3_2 Pin=LM3-2
Removed Pin From Net: NetName=AGND Pin=LM3-4
Removed Pin From Net: NetName=NetCMB3_2 Pin=LM3-5
Removed Pin From Net: NetName=NetCMB3_1 Pin=LM3-6
Removed Pin From Net: NetName=NetD3_2 Pin=LM3-7
Removed Pin From Net: NetName=AVCC+5V Pin=LM3-8
Removed Pin From Net: NetName=NetD3_2 Pin=RA3-1
Removed Pin From Net: NetName=AVCC+5V Pin=RA3-2
Change Component Library : Designator=LM3 Old Library=自建库.IntLib New Library=电子钟r.SchLib
Added Component: Designator=RA4(RES)
Added Pin To Net: NetName=IS Pin=RA3-1
Added Pin To Net: NetName=NetD2_2 Pin=RA3-2
Added Pin To Net: NetName=NetD3_2 Pin=RA3-1
Added Pin To Net: NetName=AVCC+5V Pin=RA3-2
Added Member To Class: ClassName=输出采样部分 Member=Component RB8 R
Added Member To Class: ClassName=输出采样部分 Member=Component RB11 504
Added Room: Name=输出采样部分
