Removed Pin From Net: NetName=NetA1_1 Pin=A1-1
Removed Pin From Net: NetName=NetA1_2 Pin=A1-2
Removed Pin From Net: NetName=NetA1_3 Pin=A1-3
Removed Pin From Net: NetName=NetA1_4 Pin=A1-4
Removed Pin From Net: NetName=NetA1_6 Pin=A1-6
Removed Pin From Net: NetName=NetA1_4 Pin=A1-8
Removed Pin From Net: NetName=NetA1_3 Pin=A1-9
Removed Pin From Net: NetName=NetA1_2 Pin=A1-10
Removed Pin From Net: NetName=+15V Pin=A1-11
Removed Pin From Net: NetName=-15V Pin=A1-12
Removed Pin From Net: NetName=ADAIN1 Pin=A1-13
Removed Pin From Net: NetName=NetA2_1 Pin=A2-1
Removed Pin From Net: NetName=NetA2_6 Pin=A2-6
Removed Pin From Net: NetName=+15V-OUT Pin=C3-1
Removed Pin From Net: NetName=AGND-OUT Pin=C3-2
Removed Pin From Net: NetName=NetJP2_1 Pin=JP1-1
Removed Pin From Net: NetName=NetJP2_2 Pin=JP1-2
Removed Pin From Net: NetName=AGND Pin=JP4-1
Removed Pin From Net: NetName=ADVOUT Pin=JP4-2
Removed Pin From Net: NetName=NetA1_6 Pin=JP7-1
Removed Pin From Net: NetName=NetA1_1 Pin=JP7-2
Removed Pin From Net: NetName=-15V-OUT Pin=JP10-1
Removed Pin From Net: NetName=AGND-OUT Pin=JP10-2
Removed Pin From Net: NetName=IS Pin=P2-1
Removed Pin From Net: NetName=IS Pin=P2-2
Removed Pin From Net: NetName=AGND Pin=P2-3
Removed Pin From Net: NetName=+15V Pin=P7-2
Removed Pin From Net: NetName=+15V Pin=P7-3
Removed Pin From Net: NetName=+15V Pin=P7-4
Removed Pin From Net: NetName=+15V Pin=P7-5
Removed Pin From Net: NetName=+15V Pin=P7-6
Removed Pin From Net: NetName=+15V Pin=P7-7
Removed Pin From Net: NetName=AGND Pin=P10-2
Removed Pin From Net: NetName=AGND Pin=P10-3
Removed Pin From Net: NetName=AGND Pin=P10-4
Removed Pin From Net: NetName=AGND Pin=P10-5
Removed Pin From Net: NetName=AGND Pin=P10-6
Removed Pin From Net: NetName=AGND Pin=P10-7
Removed Pin From Net: NetName=AGND-OUT Pin=P11-1
Removed Pin From Net: NetName=AGND Pin=P11-2
Removed Pin From Net: NetName=AGND-OUT Pin=P11-3
Removed Pin From Net: NetName=AGND Pin=P11-4
Removed Pin From Net: NetName=AGND-OUT Pin=P11-5
Removed Pin From Net: NetName=AGND Pin=P11-6
Removed Pin From Net: NetName=AGND-OUT Pin=P11-7
Removed Pin From Net: NetName=AGND Pin=P11-8
Removed Pin From Net: NetName=AGND-OUT Pin=P11-9
Removed Pin From Net: NetName=AGND Pin=P11-10
Removed Pin From Net: NetName=AGND-OUT Pin=P11-11
Removed Pin From Net: NetName=AGND Pin=P11-12
Removed Pin From Net: NetName=AGND-OUT Pin=P11-13
Removed Pin From Net: NetName=AGND Pin=P11-14
Removed Pin From Net: NetName=-15V Pin=P12-1
Removed Pin From Net: NetName=-15V Pin=P12-2
Removed Pin From Net: NetName=-15V Pin=P12-3
Removed Pin From Net: NetName=-15V Pin=P12-4
Removed Pin From Net: NetName=-15V Pin=P12-5
Removed Pin From Net: NetName=-15V Pin=P12-6
Removed Pin From Net: NetName=-15V Pin=P12-7
Removed Pin From Net: NetName=NetR7_1 Pin=R6-1
Removed Pin From Net: NetName=ADVOUT Pin=R6-2
Removed Pin From Net: NetName=ADAIN Pin=R13-2
Removed Member From Class: ClassName=输出采样部分 Member=P10
Removed Member From Class: ClassName=输出采样部分 Member=P11
Removed Member From Class: ClassName=输出采样部分 Member=P12
Change Component Designator: OldDesignator=A2 NewDesignator=A1
Change Component Designator: OldDesignator=P7 NewDesignator=P?
Change Component Designator: OldDesignator=P8 NewDesignator=P7
Change Component Designator: OldDesignator=P9 NewDesignator=P8
Change Component Designator: OldDesignator=P10 NewDesignator=P?
Added Component: Designator=A2(csm025a)
Added Component: Designator=C4(CAPR2.54-5.1x3.2)
Added Component: Designator=JP2(tie-in)
Added Component: Designator=JP6(HDR1X2)
Added Component: Designator=JP16(HDR1X3)
Added Component: Designator=P5(HDR2X2H)
Added Component: Designator=P9(HDR2X7)
Added Component: Designator=P?(HDR1X7)
Added Component: Designator=R7(滑阻)
Added Pin To Net: NetName=NetA1_1 Pin=A1-1
Added Pin To Net: NetName=NetA1_6 Pin=A1-6
Added Pin To Net: NetName=NetA2_1 Pin=A2-1
Added Pin To Net: NetName=ADAIN Pin=A2-2
Added Pin To Net: NetName=NetA1_2 Pin=A2-3
Added Pin To Net: NetName=NetA1_3 Pin=A2-4
Added Pin To Net: NetName=NetA1_4 Pin=A2-5
Added Pin To Net: NetName=NetA2_6 Pin=A2-6
Added Pin To Net: NetName=NetA1_4 Pin=A2-7
Added Pin To Net: NetName=NetA1_3 Pin=A2-8
Added Pin To Net: NetName=NetA1_2 Pin=A2-9
Added Pin To Net: NetName=ADAIN Pin=A2-10
Added Pin To Net: NetName=+15V Pin=A2-11
Added Pin To Net: NetName=-15V Pin=A2-12
Added Pin To Net: NetName=ADAIN1 Pin=A2-13
Added Pin To Net: NetName=ADAOUT2 Pin=C3-1
Added Pin To Net: NetName=NetC3_2 Pin=C3-2
Added Pin To Net: NetName=+15V-OUT Pin=C3-1
Added Pin To Net: NetName=AGND-OUT Pin=C3-2
Added Pin To Net: NetName=NetA1_6 Pin=JP1-1
Added Pin To Net: NetName=NetA1_1 Pin=JP1-2
Added Pin To Net: NetName=NetJP2_1 Pin=JP1-1
Added Pin To Net: NetName=NetJP2_2 Pin=JP1-2
Added Pin To Net: NetName=ADAIN2 Pin=JP4-1
Added Pin To Net: NetName=AGND Pin=JP4-2
Added Pin To Net: NetName=AGND Pin=JP4-1
Added Pin To Net: NetName=ADVOUT Pin=JP4-2
Added Pin To Net: NetName=NetA2_6 Pin=JP7-1
Added Pin To Net: NetName=NetA2_1 Pin=JP7-2
Added Pin To Net: NetName=ADAIN3 Pin=JP10-1
Added Pin To Net: NetName=AGND Pin=JP10-2
Added Pin To Net: NetName=-15V-OUT Pin=JP10-1
Added Pin To Net: NetName=AGND-OUT Pin=JP10-2
Added Pin To Net: NetName=+15V Pin=P2-1
Added Pin To Net: NetName=AGND Pin=P2-2
Added Pin To Net: NetName=-15V Pin=P2-3
Added Pin To Net: NetName=IS Pin=P2-1
Added Pin To Net: NetName=IS Pin=P2-2
Added Pin To Net: NetName=AGND Pin=P2-3
Added Pin To Net: NetName=AGND-OUT Pin=P9-1
Added Pin To Net: NetName=AGND Pin=P9-2
Added Pin To Net: NetName=AGND-OUT Pin=P9-3
Added Pin To Net: NetName=AGND Pin=P9-4
Added Pin To Net: NetName=AGND-OUT Pin=P9-5
Added Pin To Net: NetName=AGND Pin=P9-6
Added Pin To Net: NetName=AGND-OUT Pin=P9-7
Added Pin To Net: NetName=AGND Pin=P9-8
Added Pin To Net: NetName=AGND-OUT Pin=P9-9
Added Pin To Net: NetName=AGND Pin=P9-10
Added Pin To Net: NetName=AGND-OUT Pin=P9-11
Added Pin To Net: NetName=AGND Pin=P9-12
Added Pin To Net: NetName=AGND-OUT Pin=P9-13
Added Pin To Net: NetName=AGND Pin=P9-14
Added Pin To Net: NetName=-15V Pin=P?-1
Added Pin To Net: NetName=AGND Pin=R6-1
Added Pin To Net: NetName=ADAIN2 Pin=R6-2
Added Pin To Net: NetName=NetR7_1 Pin=R6-1
Added Pin To Net: NetName=ADVOUT Pin=R6-2
Added Pin To Net: NetName=ADAIN1 Pin=R13-2
Change Net Name : Old Net Name=ADAIN1 New Net Name=ADAIN
Change Net Name : Old Net Name=ADAIN New Net Name=NetA2_2
Change Net Name : Old Net Name=NetA1_2 New Net Name=NetA2_3
Change Net Name : Old Net Name=NetA1_3 New Net Name=NetA2_4
Change Net Name : Old Net Name=NetA1_4 New Net Name=NetA2_5
Change Net Name : Old Net Name=NetA2_2 New Net Name=NetA1_2
Change Net Name : Old Net Name=NetA2_3 New Net Name=NetA1_3
Change Net Name : Old Net Name=NetA2_4 New Net Name=NetA1_4
Change Net Name : Old Net Name=NetA2_5 New Net Name=NetA1_5
Added Member To Class: ClassName=输出采样部分 Member=Component P? Header 7
Added Room: Name=输出采样部分
