Removed Pin From Net: NetName=NetD3_2 Pin=RA3-1
Removed Pin From Net: NetName=AVCC+5V Pin=RA3-2
Removed Pin From Net: NetName=VRES Pin=RB7-1
Removed Pin From Net: NetName=NetD3_2 Pin=RB7-2
Removed Pin From Net: NetName=AGND Pin=RB8-1
Removed Pin From Net: NetName=NetCMB2_1 Pin=RB8-2
Removed Pin From Net: NetName=NetCMB2_1 Pin=RB8-3
Removed Member From Class: ClassName=输出采样部分 Member=RB9*
Change Component DesignItemId : Designator=RB7 Old DesignItemId=R New DesignItemId=RPot
Change Component Footprint: Designator=RB7 Old Footprint=RES New Footprint=VR5
Change Component Comment : Designator=RB7 Old Comment=100 New Comment=504
Change Component Comment : Designator=RA3 Old Comment=R New Comment=100
Change Component Designator: OldDesignator=R2 NewDesignator=R1
Change Component Designator: OldDesignator=R3 NewDesignator=R2
Change Component Designator: OldDesignator=R4 NewDesignator=R3
Change Component Designator: OldDesignator=R5 NewDesignator=R4
Change Component Designator: OldDesignator=R6 NewDesignator=R5
Change Component Designator: OldDesignator=R7 NewDesignator=R6
Change Component Designator: OldDesignator=R8 NewDesignator=R7
Change Component Designator: OldDesignator=R9 NewDesignator=R8
Change Component Designator: OldDesignator=R10 NewDesignator=R9
Change Component Designator: OldDesignator=R11 NewDesignator=R10
Change Component Designator: OldDesignator=R12 NewDesignator=R11
Change Component Designator: OldDesignator=R13 NewDesignator=R12
Change Component Designator: OldDesignator=R14 NewDesignator=R13
Change Component Designator: OldDesignator=RB9* NewDesignator=RB8
Change Component Designator: OldDesignator=RB10* NewDesignator=RB9
Change Component Designator: OldDesignator=RB12 NewDesignator=RB11
Change Component Designator: OldDesignator=RM NewDesignator=RM1
Added Component: Designator=RA4(RES)
Added Component: Designator=RB10(RES)
Added Pin To Net: NetName=IS Pin=RA3-1
Added Pin To Net: NetName=NetD2_2 Pin=RA3-2
Added Pin To Net: NetName=NetD3_2 Pin=RA3-1
Added Pin To Net: NetName=AVCC+5V Pin=RA3-2
Added Pin To Net: NetName=AGND Pin=RB7-1
Added Pin To Net: NetName=NetCMB2_1 Pin=RB7-2
Added Pin To Net: NetName=NetCMB2_1 Pin=RB7-3
Added Pin To Net: NetName=VRES Pin=RB10-1
Added Pin To Net: NetName=NetD3_2 Pin=RB10-2
Change Net Name : Old Net Name=NetR2_1 New Net Name=NetR1_1
Change Net Name : Old Net Name=NetR3_3 New Net Name=NetR2_3
Change Net Name : Old Net Name=NetR4_2 New Net Name=NetR3_2
Change Net Name : Old Net Name=NetR7_1 New Net Name=NetR6_1
Change Net Name : Old Net Name=NetR9_1 New Net Name=NetR8_1
Change Net Name : Old Net Name=NetR10_3 New Net Name=NetR9_3
Change Net Name : Old Net Name=NetR11_2 New Net Name=NetR10_2
Change Net Name : Old Net Name=NetR13_1 New Net Name=NetR12_1
Change Net Name : Old Net Name=NetRM_1 New Net Name=NetRM1_1
Added Member To Class: ClassName=输出采样部分 Member=Component RA4 R
Added Member To Class: ClassName=输出采样部分 Member=Component RB10 100
Added Room: Name=输出采样部分
