Change Component Designator: Old Designator=A1 New Designator=A2
Change Component Designator: Old Designator=A1 New Designator=A3
Change Component Designator: Old Designator=C2 New Designator=C3
Change Component Designator: Old Designator=C2 New Designator=C8
Change Component Designator: Old Designator=C3 New Designator=C4
Change Component Designator: Old Designator=C4 New Designator=C5
Change Component Designator: Old Designator=C5 New Designator=C6
Change Component Designator: Old Designator=C6 New Designator=C7
Change Component Designator: Old Designator=JP1 New Designator=JP2
Change Component Designator: Old Designator=JP2 New Designator=JP3
Change Component Designator: Old Designator=JP3 New Designator=JP5
Change Component Designator: Old Designator=JP4 New Designator=JP6
Change Component Designator: Old Designator=JP5 New Designator=JP1
Change Component Designator: Old Designator=JP5 New Designator=JP7
Change Component Designator: Old Designator=JP5 New Designator=JP8
Change Component Designator: Old Designator=JP6 New Designator=JP4
Change Component Designator: Old Designator=JP6 New Designator=JP9
Change Component Designator: Old Designator=JP6 New Designator=JP10
Change Component Designator: Old Designator=JP7 New Designator=JP11
Change Component Designator: Old Designator=JP7 New Designator=JP13
Change Component Designator: Old Designator=JP7 New Designator=JP17
Change Component Designator: Old Designator=JP8 New Designator=JP12
Change Component Designator: Old Designator=JP8 New Designator=JP15
Change Component Designator: Old Designator=JP8 New Designator=JP19
Change Component Designator: Old Designator=JP9 New Designator=JP14
Change Component Designator: Old Designator=JP10 New Designator=JP16
Change Component Designator: Old Designator=JP11 New Designator=JP18
Change Component Designator: Old Designator=P2 New Designator=P5
Change Component Designator: Old Designator=P5 New Designator=P2
Change Component Designator: Old Designator=P5 New Designator=P3
Change Component Designator: Old Designator=P5 New Designator=P4
Change Component Designator: Old Designator=P5 New Designator=P6
Change Component Designator: Old Designator=P13 New Designator=P10
Change Component Designator: Old Designator=P? New Designator=P7
Change Component Designator: Old Designator=P? New Designator=P8
Change Component Designator: Old Designator=P? New Designator=P9
Change Component Designator: Old Designator=R6 New Designator=R7
Change Component Designator: Old Designator=R7 New Designator=R6
Change Component Designator: Old Designator=R7 New Designator=R8
Change Component Designator: Old Designator=R7 New Designator=R9
Change Component Designator: Old Designator=R8 New Designator=R10
Change Component Designator: Old Designator=R8 New Designator=R15
Change Component Designator: Old Designator=R8 New Designator=R18
Change Component Designator: Old Designator=R9 New Designator=R11
Change Component Designator: Old Designator=R9 New Designator=R16
Change Component Designator: Old Designator=R9 New Designator=R19
Change Component Designator: Old Designator=R10 New Designator=R12
Change Component Designator: Old Designator=R10 New Designator=R17
Change Component Designator: Old Designator=R10 New Designator=R20
Change Component Designator: Old Designator=R11 New Designator=R13
Change Component Designator: Old Designator=R12 New Designator=R14
Change Component Designator: Old Designator=R12 New Designator=R21
Change Component Designator: Old Designator=R12 New Designator=R22
Change Component Designator: Old Designator=U3 New Designator=U4
Change Component Designator: Old Designator=U3 New Designator=U5
Change Component Designator: Old Designator=UF New Designator=UF1
