Change Component Designator: Old Designator=C1 New Designator=C3
Change Component Designator: Old Designator=C1 New Designator=C4
Change Component Designator: Old Designator=C2 New Designator=C1
Change Component Designator: Old Designator=C3 New Designator=C2
Change Component Designator: Old Designator=C4 New Designator=C5
Change Component Designator: Old Designator=C5 New Designator=C6
Change Component Designator: Old Designator=CMB2 New Designator=CMB4
Change Component Designator: Old Designator=CMB New Designator=CMB1
Change Component Designator: Old Designator=CMB New Designator=CMB3
Change Component Designator: Old Designator=D1 New Designator=D2
Change Component Designator: Old Designator=JP3 New Designator=JP4
Change Component Designator: Old Designator=JP3 New Designator=JP5
Change Component Designator: Old Designator=JP4 New Designator=JP3
Change Component Designator: Old Designator=JP5 New Designator=JP6
Change Component Designator: Old Designator=JP5 New Designator=JP7
Change Component Designator: Old Designator=JP5 New Designator=JP10
Change Component Designator: Old Designator=JP5 New Designator=JP11
Change Component Designator: Old Designator=JP7 New Designator=JP8
Change Component Designator: Old Designator=JP8 New Designator=JP9
Change Component Designator: Old Designator=P? New Designator=P2
Change Component Designator: Old Designator=P? New Designator=P3
Change Component Designator: Old Designator=P? New Designator=P4
Change Component Designator: Old Designator=R4 New Designator=R2
Change Component Designator: Old Designator=R4 New Designator=R3
Change Component Designator: Old Designator=R5 New Designator=R1
Change Component Designator: Old Designator=R6 New Designator=R4
Change Component Designator: Old Designator=R6 New Designator=R5
Change Component Designator: Old Designator=R7 New Designator=R6
Change Component Designator: Old Designator=R9 New Designator=R10
Change Component Designator: Old Designator=R10 New Designator=R11
Change Component Designator: Old Designator=R29 New Designator=R12
Change Component Designator: Old Designator=R29 New Designator=R13
Change Component Designator: Old Designator=RB2 New Designator=RB6
Change Component Designator: Old Designator=RB3 New Designator=RB1
Change Component Designator: Old Designator=RB3 New Designator=RB5
Change Component Designator: Old Designator=RB5 New Designator=RB4
Change Component Designator: Old Designator=RB5 New Designator=RB8
Change Component Designator: Old Designator=RB8 New Designator=RB3
Change Component Designator: Old Designator=RB8 New Designator=RB7
Change Component Designator: Old Designator=U2 New Designator=U3
Change Component Designator: Old Designator=U? New Designator=U4
