Change Component Designator: Old Designator=R2 New Designator=R1
Change Component Designator: Old Designator=R3 New Designator=R2
Change Component Designator: Old Designator=R4 New Designator=R3
Change Component Designator: Old Designator=R5 New Designator=R4
Change Component Designator: Old Designator=R6 New Designator=R5
Change Component Designator: Old Designator=R7 New Designator=R6
Change Component Designator: Old Designator=R8 New Designator=R7
Change Component Designator: Old Designator=R9 New Designator=R8
Change Component Designator: Old Designator=R10 New Designator=R9
Change Component Designator: Old Designator=R11 New Designator=R10
Change Component Designator: Old Designator=R12 New Designator=R11
Change Component Designator: Old Designator=R13 New Designator=R12
Change Component Designator: Old Designator=R14 New Designator=R13
Change Component Designator: Old Designator=RA3 New Designator=RA4
Change Component Designator: Old Designator=RA7 New Designator=RA3
Change Component Designator: Old Designator=RB3 New Designator=RB10
Change Component Designator: Old Designator=RB8 New Designator=RB7
Change Component Designator: Old Designator=RB9* New Designator=RB8
Change Component Designator: Old Designator=RB10* New Designator=RB9
Change Component Designator: Old Designator=RB12 New Designator=RB11
Change Component Designator: Old Designator=RM New Designator=RM1
