Change Component Designator: Old Designator=C1 New Designator=C3
Change Component Designator: Old Designator=C2 New Designator=C4
Change Component Designator: Old Designator=C3 New Designator=C1
Change Component Designator: Old Designator=C4 New Designator=C2
Change Component Designator: Old Designator=CMB1 New Designator=CMB2
Change Component Designator: Old Designator=D1 New Designator=D2
Change Component Designator: Old Designator=D2 New Designator=D3
Change Component Designator: Old Designator=JP3 New Designator=JP10
Change Component Designator: Old Designator=JP4 New Designator=JP3
Change Component Designator: Old Designator=JP5 New Designator=JP7
Change Component Designator: Old Designator=JP6 New Designator=JP4
Change Component Designator: Old Designator=JP7 New Designator=JP8
Change Component Designator: Old Designator=JP8 New Designator=JP5
Change Component Designator: Old Designator=JP9 New Designator=JP6
Change Component Designator: Old Designator=JP10 New Designator=JP9
Change Component Designator: Old Designator=LM2 New Designator=LM3
Change Component Designator: Old Designator=LM2 New Designator=LM3
Change Component Designator: Old Designator=LM3 New Designator=LM2
Change Component Designator: Old Designator=LM3 New Designator=LM2
Change Component Designator: Old Designator=P1 New Designator=P5
Change Component Designator: Old Designator=P2 New Designator=P1
Change Component Designator: Old Designator=R3 New Designator=R9
Change Component Designator: Old Designator=R4 New Designator=R3
Change Component Designator: Old Designator=R5 New Designator=R10
Change Component Designator: Old Designator=R6 New Designator=R4
Change Component Designator: Old Designator=R7 New Designator=R11
Change Component Designator: Old Designator=R8 New Designator=R5
Change Component Designator: Old Designator=R9 New Designator=R7
Change Component Designator: Old Designator=R10 New Designator=R13
Change Component Designator: Old Designator=R11 New Designator=R8
Change Component Designator: Old Designator=R12 New Designator=R6
Change Component Designator: Old Designator=R13 New Designator=R14
Change Component Designator: Old Designator=RA2 New Designator=RA1
Change Component Designator: Old Designator=RA2 New Designator=RA3
Change Component Designator: Old Designator=RB1 New Designator=RB5
Change Component Designator: Old Designator=RB2 New Designator=RB6
Change Component Designator: Old Designator=RB3 New Designator=RB7
Change Component Designator: Old Designator=RB4 New Designator=RB8
Change Component Designator: Old Designator=RB5 New Designator=RB9
Change Component Designator: Old Designator=RB6 New Designator=RB10
Change Component Designator: Old Designator=RB7 New Designator=RB11
Change Component Designator: Old Designator=RB8 New Designator=RB12
