Change Component Designator: Old Designator=A? New Designator=A1
Change Component Designator: Old Designator=C? New Designator=C1
Change Component Designator: Old Designator=C? New Designator=C2
Change Component Designator: Old Designator=C? New Designator=C3
Change Component Designator: Old Designator=C? New Designator=C4
Change Component Designator: Old Designator=C? New Designator=C5
Change Component Designator: Old Designator=C? New Designator=C6
Change Component Designator: Old Designator=CMB? New Designator=CMB1
Change Component Designator: Old Designator=CMB? New Designator=CMB2
Change Component Designator: Old Designator=CMB? New Designator=CMB3
Change Component Designator: Old Designator=D? New Designator=D1
Change Component Designator: Old Designator=D? New Designator=D2
Change Component Designator: Old Designator=D? New Designator=D3
Change Component Designator: Old Designator=JP? New Designator=JP1
Change Component Designator: Old Designator=JP? New Designator=JP2
Change Component Designator: Old Designator=JP? New Designator=JP3
Change Component Designator: Old Designator=JP? New Designator=JP4
Change Component Designator: Old Designator=JP? New Designator=JP5
Change Component Designator: Old Designator=JP? New Designator=JP6
Change Component Designator: Old Designator=JP? New Designator=JP7
Change Component Designator: Old Designator=JP? New Designator=JP8
Change Component Designator: Old Designator=JP? New Designator=JP9
Change Component Designator: Old Designator=JP? New Designator=JP10
Change Component Designator: Old Designator=JP? New Designator=JP11
Change Component Designator: Old Designator=LM? New Designator=LM1
Change Component Designator: Old Designator=LM? New Designator=LM2
Change Component Designator: Old Designator=LM? New Designator=LM3
Change Component Designator: Old Designator=LM? New Designator=LM1
Change Component Designator: Old Designator=LM? New Designator=LM2
Change Component Designator: Old Designator=LM? New Designator=LM3
Change Component Designator: Old Designator=P? New Designator=P1
Change Component Designator: Old Designator=P? New Designator=P2
Change Component Designator: Old Designator=P? New Designator=P3
Change Component Designator: Old Designator=P? New Designator=P4
Change Component Designator: Old Designator=P? New Designator=P5
Change Component Designator: Old Designator=R? New Designator=R1
Change Component Designator: Old Designator=R? New Designator=R2
Change Component Designator: Old Designator=R? New Designator=R3
Change Component Designator: Old Designator=R? New Designator=R4
Change Component Designator: Old Designator=R? New Designator=R5
Change Component Designator: Old Designator=R? New Designator=R6
Change Component Designator: Old Designator=R? New Designator=R7
Change Component Designator: Old Designator=R? New Designator=R8
Change Component Designator: Old Designator=R? New Designator=R9
Change Component Designator: Old Designator=R? New Designator=R10
Change Component Designator: Old Designator=R? New Designator=R11
Change Component Designator: Old Designator=R? New Designator=R12
Change Component Designator: Old Designator=R? New Designator=R13
Change Component Designator: Old Designator=RA? New Designator=RA1
Change Component Designator: Old Designator=RA? New Designator=RA2
Change Component Designator: Old Designator=RA? New Designator=RA3
Change Component Designator: Old Designator=RA? New Designator=RA4
Change Component Designator: Old Designator=RB? New Designator=RB1
Change Component Designator: Old Designator=RB? New Designator=RB2
Change Component Designator: Old Designator=RB? New Designator=RB3
Change Component Designator: Old Designator=RB? New Designator=RB4
Change Component Designator: Old Designator=RB? New Designator=RB5
Change Component Designator: Old Designator=RB? New Designator=RB6
Change Component Designator: Old Designator=RB? New Designator=RB7
Change Component Designator: Old Designator=RB? New Designator=RB8
Change Component Designator: Old Designator=RB? New Designator=RB9
Change Component Designator: Old Designator=RB? New Designator=RB10
Change Component Designator: Old Designator=RB? New Designator=RB11
Change Component Designator: Old Designator=RM? New Designator=RM1
Change Component Designator: Old Designator=U? New Designator=U1
Change Component Designator: Old Designator=U? New Designator=U2
Change Component Designator: Old Designator=U? New Designator=U3
Change Component Designator: Old Designator=U? New Designator=U4
