Change Component Designator: Old Designator=A1 New Designator=A?
Change Component Designator: Old Designator=C1 New Designator=C?
Change Component Designator: Old Designator=C2 New Designator=C?
Change Component Designator: Old Designator=C3 New Designator=C?
Change Component Designator: Old Designator=C4 New Designator=C?
Change Component Designator: Old Designator=C5 New Designator=C?
Change Component Designator: Old Designator=C6 New Designator=C?
Change Component Designator: Old Designator=CMB1 New Designator=CMB?
Change Component Designator: Old Designator=CMB2 New Designator=CMB?
Change Component Designator: Old Designator=CMB3 New Designator=CMB?
Change Component Designator: Old Designator=D1 New Designator=D?
Change Component Designator: Old Designator=D2 New Designator=D?
Change Component Designator: Old Designator=D3 New Designator=D?
Change Component Designator: Old Designator=JP1 New Designator=JP?
Change Component Designator: Old Designator=JP2 New Designator=JP?
Change Component Designator: Old Designator=JP3 New Designator=JP?
Change Component Designator: Old Designator=JP4 New Designator=JP?
Change Component Designator: Old Designator=JP5 New Designator=JP?
Change Component Designator: Old Designator=JP6 New Designator=JP?
Change Component Designator: Old Designator=JP7 New Designator=JP?
Change Component Designator: Old Designator=JP8 New Designator=JP?
Change Component Designator: Old Designator=JP9 New Designator=JP?
Change Component Designator: Old Designator=JP10 New Designator=JP?
Change Component Designator: Old Designator=JP11 New Designator=JP?
Change Component Designator: Old Designator=LM1 New Designator=LM?
Change Component Designator: Old Designator=LM1 New Designator=LM?
Change Component Designator: Old Designator=LM2 New Designator=LM?
Change Component Designator: Old Designator=LM2 New Designator=LM?
Change Component Designator: Old Designator=LM3 New Designator=LM?
Change Component Designator: Old Designator=LM3 New Designator=LM?
Change Component Designator: Old Designator=P1 New Designator=P?
Change Component Designator: Old Designator=P2 New Designator=P?
Change Component Designator: Old Designator=P3 New Designator=P?
Change Component Designator: Old Designator=P4 New Designator=P?
Change Component Designator: Old Designator=P5 New Designator=P?
Change Component Designator: Old Designator=R1 New Designator=R?
Change Component Designator: Old Designator=R2 New Designator=R?
Change Component Designator: Old Designator=R3 New Designator=R?
Change Component Designator: Old Designator=R4 New Designator=R?
Change Component Designator: Old Designator=R5 New Designator=R?
Change Component Designator: Old Designator=R6 New Designator=R?
Change Component Designator: Old Designator=R7 New Designator=R?
Change Component Designator: Old Designator=R8 New Designator=R?
Change Component Designator: Old Designator=R9 New Designator=R?
Change Component Designator: Old Designator=R10 New Designator=R?
Change Component Designator: Old Designator=R11 New Designator=R?
Change Component Designator: Old Designator=R12 New Designator=R?
Change Component Designator: Old Designator=R13 New Designator=R?
Change Component Designator: Old Designator=RA1 New Designator=RA?
Change Component Designator: Old Designator=RA2 New Designator=RA?
Change Component Designator: Old Designator=RA3 New Designator=RA?
Change Component Designator: Old Designator=RA4 New Designator=RA?
Change Component Designator: Old Designator=RB1 New Designator=RB?
Change Component Designator: Old Designator=RB2 New Designator=RB?
Change Component Designator: Old Designator=RB3 New Designator=RB?
Change Component Designator: Old Designator=RB4 New Designator=RB?
Change Component Designator: Old Designator=RB5 New Designator=RB?
Change Component Designator: Old Designator=RB6 New Designator=RB?
Change Component Designator: Old Designator=RB7 New Designator=RB?
Change Component Designator: Old Designator=RB8 New Designator=RB?
Change Component Designator: Old Designator=RB9 New Designator=RB?
Change Component Designator: Old Designator=RB10 New Designator=RB?
Change Component Designator: Old Designator=RB11 New Designator=RB?
Change Component Designator: Old Designator=RM1 New Designator=RM?
Change Component Designator: Old Designator=U1 New Designator=U?
Change Component Designator: Old Designator=U2 New Designator=U?
Change Component Designator: Old Designator=U3 New Designator=U?
Change Component Designator: Old Designator=U4 New Designator=U?
