Added Component: Designator=3(四脚按键)
Added Component: Designator=S1(四脚按键)
Added Component: Designator=S2(四脚按键)
Added Component: Designator=S4(四脚按键)
Added Component: Designator=S5(四脚按键)
Added Pin To Net: NetName=GND Pin=3-1
Added Pin To Net: NetName=GND Pin=3-1
Added Pin To Net: NetName=PA15 Pin=3-2
Added Pin To Net: NetName=PA15 Pin=3-2
Added Pin To Net: NetName=GND Pin=S1-1
Added Pin To Net: NetName=GND Pin=S1-1
Added Pin To Net: NetName=PA11 Pin=S1-2
Added Pin To Net: NetName=PA11 Pin=S1-2
Added Pin To Net: NetName=GND Pin=S2-1
Added Pin To Net: NetName=GND Pin=S2-1
Added Pin To Net: NetName=PA12 Pin=S2-2
Added Pin To Net: NetName=PA12 Pin=S2-2
Added Pin To Net: NetName=GND Pin=S4-1
Added Pin To Net: NetName=GND Pin=S4-1
Added Pin To Net: NetName=PB3 Pin=S4-2
Added Pin To Net: NetName=PB3 Pin=S4-2
Added Pin To Net: NetName=GND Pin=S5-1
Added Pin To Net: NetName=GND Pin=S5-1
Added Pin To Net: NetName=PB4 Pin=S5-2
Added Pin To Net: NetName=PB4 Pin=S5-2
Added Member To Class: ClassName=Sheet1 Member=Component 3 四脚按键
Added Member To Class: ClassName=Sheet1 Member=Component S1 四脚按键
Added Member To Class: ClassName=Sheet1 Member=Component S2 四脚按键
Added Member To Class: ClassName=Sheet1 Member=Component S4 四脚按键
Added Member To Class: ClassName=Sheet1 Member=Component S5 四脚按键
Added Room: Name=Sheet1
